

Microchip MPLAB XC8 Assembler V2.50 build 20240725155939 
                                                                                                           Wed Nov 13 22:21:54 2024


     1                           	processor	16F877A
     2                           	pagewidth 132
     3                           	psect	code,global,class=CODE,space=0,delta=2
     4                           	psect	powerup,global,class=CODE,space=0,delta=2
     5                           	psect	reset_vec,global,class=CODE,space=0,delta=2
     6                           	psect	maintext,global,class=CODE,space=0,delta=2
     7                           	psect	eeprom_data,global,class=EEDATA,space=3,delta=2,noexec
     8                           	psect	intentry,global,class=CODE,space=0,delta=2
     9                           	psect	sivt,global,class=CODE,space=0,delta=2
    10                           	psect	functab,global,class=ENTRY,space=0,delta=2
    11                           	psect	init,global,class=CODE,space=0,delta=2
    12                           	psect	cinit,global,class=CODE,space=0,delta=2
    13                           	psect	text,global,class=CODE,space=0,delta=2
    14                           	psect	end_init,global,class=CODE,space=0,delta=2
    15                           	psect	clrtext,global,class=CODE,space=0,delta=2
    16                           	psect	strings,global,reloc=256,class=CODE,space=0,delta=2
    17                           	psect	stack,global,class=STACK,space=2,delta=1,noexec
    18                           	psect	heap,global,class=HEAP,space=7,delta=1,noexec
    19                           	psect	common,global,class=COMMON,space=1,delta=1
    20                           	psect	bank0,global,class=BANK0,space=1,delta=1
    21                           	psect	bank1,global,class=BANK1,space=1,delta=1
    22                           	psect	bank2,global,class=BANK2,space=1,delta=1
    23                           	psect	bank3,global,class=BANK3,space=1,delta=1
    24                           	psect	ram,global,class=RAM,space=1,delta=1
    25                           	psect	abs1,global,class=ABS1,space=1,delta=1
    26                           	psect	sfr0,global,class=SFR0,space=1,delta=1
    27                           	psect	sfr1,global,class=SFR1,space=1,delta=1
    28                           	psect	sfr2,global,class=SFR2,space=1,delta=1
    29                           	psect	sfr3,global,class=SFR3,space=1,delta=1
    30                           
    31                           	psect	reset_vec
    32     0000                     reset_vec:
    33                           
    34                           ; No powerup routine
    35                           ; jump to start
    36     0000  120A  118A  280C   	goto	(start& (0+2047))| (reset_vec& (0+-2048))
    37                           
    38                           	psect	maintext
    39                           
    40                           ; Microchip MPLAB XC8 C Compiler V2.50
    41                           ; Copyright (C) 2024 Microchip Technology Inc.
    42                           ; Auto-generated runtime startup code for final link stage.
    43                           ;
    44                           ; Compiler options:
    45                           ;
    46                           ; -q --opt=none --chip=16f877a \
    47                           ; -Mdist/default/production/0062_Timer2_IT_src.X.X.production.map \
    48                           ; -DXPRJ_default=default -L--defsym=__MPLAB_BUILD=1 \
    49                           ; --dfp=C:/Program Files/Microchip/MPLABX/v6.20/packs/Microchip/PIC16Fxxx_DFP/1.6.156/xc8 \
    50                           ; --summary=+xml --summarydir=dist/default/production/memoryfile.xml \
    51                           ; -o0062_Timer2_IT_src.X.X.production.elf \
    52                           ; --objdir=dist/default/production --outdir=dist/default/production \
    53                           ; build/default/production/main.p1 -L--fixupoverflow=error --std=c99 \
    54                           ; --callgraph=none --warn=-3 --errformat=%f:%l:%c: error: (%n) %s \
    55                           ; --warnformat=%f:%l:%c: warning: (%n) %s \
    56                           ; --msgformat=%f:%l:%c: advisory: (%n) %s
    57                           ;
    58     0000                     C               set	0
    59     0002                     Z               set	2
    60     0002                     PCL             set	2
    61     0000                     INDF            set	0
    62     0003                     STATUS          equ	3
    63     000A                     PCLATH          equ	10
    64                           
    65                           	psect	functab
    66     0000                     intlevel0:
    67     0000                     intlevel1:
    68     0000                     intlevel2:
    69     0000                     intlevel3:
    70     0000                     intlevel4:
    71     0000                     intlevel5:
    72                           
    73                           	psect	init
    74     000C                     start:
    75                           
    76                           	psect	end_init
    77     000C  120A  118A  280F   	ljmp	start_initialization	;jump to C runtime clear & initialization
    78                           
    79                           	psect	clrtext
    80     0004                     FSR             set	4
    81                           
    82                           	psect	strings
    83     0000                     ___stacklo      equ	0
    84     0000                     ___stackhi      equ	0
    85                           
    86                           	psect	stack
    87     0000                     ___sp:
    88     0000                     ___int_sp:
    89     0000                     ___stack_lo:
    90     0000                     ___stack_hi:
    91     0000                     ___int_stack_lo:
    92     0000                     ___int_stack_hi:
    93                           
    94                           	psect	heap
    95                           
    96                           ; No heap to be allocated
    97     0000                     ___heap_lo      equ	0
    98     0000                     ___heap_hi      equ	0


Microchip Technology PIC Macro Assembler V2.50 build 20240725155939 
Symbol Table                                                                                               Wed Nov 13 22:21:54 2024

               ___sp 0000                 _main 0039                 start 000C           ___stack_hi 0000  
         ___stack_lo 0000       ___int_stack_hi 0000       ___int_stack_lo 0000  start_initialization 000F  
          ___heap_hi 0000            ___heap_lo 0000            ___stackhi 0000            ___stacklo 0000  
           ___int_sp 0000             intlevel0 0000             intlevel1 0000             intlevel2 0000  
           intlevel3 0000             intlevel4 0000             intlevel5 0000             reset_vec 0000  
